<?xml version="1.0" encoding="UTF-8" ?>
<testsuite failures="0" time="2.833" errors="0" skipped="0" tests="1" name="org.jboss.easyscala.AppTest">
  <properties>
    <property name="java.runtime.name" value="Java(TM) SE Runtime Environment"/>
    <property name="scalate.workdir" value="/opt/work/gitprojects/easyscala/target/scalate"/>
    <property name="sun.boot.library.path" value="/opt/java/jdk1.6.0_20/jre/lib/amd64"/>
    <property name="java.vm.version" value="16.3-b01"/>
    <property name="java.vm.vendor" value="Sun Microsystems Inc."/>
    <property name="java.vendor.url" value="http://java.sun.com/"/>
    <property name="path.separator" value=":"/>
    <property name="java.vm.name" value="Java HotSpot(TM) 64-Bit Server VM"/>
    <property name="file.encoding.pkg" value="sun.io"/>
    <property name="user.country" value="US"/>
    <property name="sun.java.launcher" value="SUN_STANDARD"/>
    <property name="sun.os.patch.level" value="unknown"/>
    <property name="java.vm.specification.name" value="Java Virtual Machine Specification"/>
    <property name="user.dir" value="/opt/work/gitprojects/easyscala"/>
    <property name="java.runtime.version" value="1.6.0_20-b02"/>
    <property name="java.awt.graphicsenv" value="sun.awt.X11GraphicsEnvironment"/>
    <property name="basedir" value="/opt/work/gitprojects/easyscala"/>
    <property name="java.endorsed.dirs" value="/opt/java/jdk1.6.0_20/jre/lib/endorsed"/>
    <property name="os.arch" value="amd64"/>
    <property name="java.io.tmpdir" value="/tmp"/>
    <property name="line.separator" value="
"/>
    <property name="java.vm.specification.vendor" value="Sun Microsystems Inc."/>
    <property name="os.name" value="Linux"/>
    <property name="sun.jnu.encoding" value="UTF-8"/>
    <property name="java.library.path" value="/opt/java/jdk1.6.0_20/jre/lib/amd64/server:/opt/java/jdk1.6.0_20/jre/lib/amd64:/opt/java/jdk1.6.0_20/jre/../lib/amd64:/usr/java/packages/lib/amd64:/usr/lib64:/lib64:/lib:/usr/lib"/>
    <property name="surefire.test.class.path" value="/opt/work/gitprojects/easyscala/target/test-classes:/opt/work/gitprojects/easyscala/target/classes:/home/esilva/.m2/repository/javax/servlet/servlet-api/2.5/servlet-api-2.5.jar:/home/esilva/.m2/repository/org/fusesource/scalate/scalate-core/1.3.2/scalate-core-1.3.2.jar:/home/esilva/.m2/repository/org/fusesource/scalate/scalate-util/1.3.2/scalate-util-1.3.2.jar:/home/esilva/.m2/repository/org/scala-lang/scala-library/2.8.0/scala-library-2.8.0.jar:/home/esilva/.m2/repository/org/scala-lang/scala-compiler/2.8.0/scala-compiler-2.8.0.jar:/home/esilva/.m2/repository/org/slf4j/slf4j-api/1.6.1/slf4j-api-1.6.1.jar:/home/esilva/.m2/repository/org/jboss/resteasy/resteasy-jaxrs/1.1.GA/resteasy-jaxrs-1.1.GA.jar:/home/esilva/.m2/repository/org/jboss/resteasy/jaxrs-api/1.1.GA/jaxrs-api-1.1.GA.jar:/home/esilva/.m2/repository/org/scannotation/scannotation/1.0.2/scannotation-1.0.2.jar:/home/esilva/.m2/repository/javassist/javassist/3.6.0.GA/javassist-3.6.0.GA.jar:/home/esilva/.m2/repository/javax/annotation/jsr250-api/1.0/jsr250-api-1.0.jar:/home/esilva/.m2/repository/javax/activation/activation/1.1/activation-1.1.jar:/home/esilva/.m2/repository/commons-httpclient/commons-httpclient/3.1/commons-httpclient-3.1.jar:/home/esilva/.m2/repository/commons-codec/commons-codec/1.2/commons-codec-1.2.jar:/home/esilva/.m2/repository/org/jboss/resteasy/resteasy-jaxb-provider/1.1.GA/resteasy-jaxb-provider-1.1.GA.jar:/home/esilva/.m2/repository/com/sun/xml/bind/jaxb-impl/2.1.10/jaxb-impl-2.1.10.jar:/home/esilva/.m2/repository/javax/xml/bind/jaxb-api/2.1/jaxb-api-2.1.jar:/home/esilva/.m2/repository/com/sun/xml/fastinfoset/FastInfoset/1.2.7/FastInfoset-1.2.7.jar:/home/esilva/.m2/repository/com/sun/xml/stream/sjsxp/1.0.1/sjsxp-1.0.1.jar:/home/esilva/.m2/repository/javax/xml/stream/stax-api/1.0/stax-api-1.0.jar:/home/esilva/.m2/repository/org/codehaus/jettison/jettison/1.1/jettison-1.1.jar:/home/esilva/.m2/repository/org/jboss/resteasy/resteasy-multipart-provider/1.1.GA/resteasy-multipart-provider-1.1.GA.jar:/home/esilva/.m2/repository/javax/mail/mail/1.4/mail-1.4.jar:/home/esilva/.m2/repository/org/apache/james/apache-mime4j/0.6/apache-mime4j-0.6.jar:/home/esilva/.m2/repository/org/jboss/resteasy/resteasy-cache-core/1.1.GA/resteasy-cache-core-1.1.GA.jar:/home/esilva/.m2/repository/org/jboss/cache/jbosscache-core/3.0.3.GA/jbosscache-core-3.0.3.GA.jar:/home/esilva/.m2/repository/jgroups/jgroups/2.6.7.GA/jgroups-2.6.7.GA.jar:/home/esilva/.m2/repository/javax/transaction/jta/1.1/jta-1.1.jar:/home/esilva/.m2/repository/commons-logging/commons-logging/1.1.1/commons-logging-1.1.1.jar:/home/esilva/.m2/repository/org/jboss/jboss-common-core/2.2.10.GA/jboss-common-core-2.2.10.GA.jar:/home/esilva/.m2/repository/org/jboss/logging/jboss-logging-spi/2.0.5.GA/jboss-logging-spi-2.0.5.GA.jar:/home/esilva/.m2/repository/com/sun/jersey/jersey-server/1.5-ea05/jersey-server-1.5-ea05.jar:/home/esilva/.m2/repository/com/sun/jersey/jersey-core/1.5-ea05/jersey-core-1.5-ea05.jar:/home/esilva/.m2/repository/asm/asm/3.1/asm-3.1.jar:/home/esilva/.m2/repository/ch/qos/logback/logback-classic/0.9.26/logback-classic-0.9.26.jar:/home/esilva/.m2/repository/ch/qos/logback/logback-core/0.9.26/logback-core-0.9.26.jar:/home/esilva/.m2/repository/org/fusesource/scalate/scalate-test/1.3.2/scalate-test-1.3.2.jar:/home/esilva/.m2/repository/org/scalatest/scalatest/1.2/scalatest-1.2.jar:/home/esilva/.m2/repository/junit/junit/4.8/junit-4.8.jar:/home/esilva/.m2/repository/org/seleniumhq/selenium/selenium-htmlunit-driver/2.0a2/selenium-htmlunit-driver-2.0a2.jar:/home/esilva/.m2/repository/org/seleniumhq/selenium/selenium-common/2.0a2/selenium-common-2.0a2.jar:/home/esilva/.m2/repository/net/sourceforge/htmlunit/htmlunit/2.6/htmlunit-2.6.jar:/home/esilva/.m2/repository/xalan/xalan/2.7.1/xalan-2.7.1.jar:/home/esilva/.m2/repository/xalan/serializer/2.7.1/serializer-2.7.1.jar:/home/esilva/.m2/repository/commons-collections/commons-collections/3.2.1/commons-collections-3.2.1.jar:/home/esilva/.m2/repository/commons-lang/commons-lang/2.4/commons-lang-2.4.jar:/home/esilva/.m2/repository/net/sourceforge/htmlunit/htmlunit-core-js/2.6/htmlunit-core-js-2.6.jar:/home/esilva/.m2/repository/xerces/xercesImpl/2.9.1/xercesImpl-2.9.1.jar:/home/esilva/.m2/repository/xml-apis/xml-apis/1.3.04/xml-apis-1.3.04.jar:/home/esilva/.m2/repository/net/sourceforge/nekohtml/nekohtml/1.9.13/nekohtml-1.9.13.jar:/home/esilva/.m2/repository/net/sourceforge/cssparser/cssparser/0.9.5/cssparser-0.9.5.jar:/home/esilva/.m2/repository/org/w3c/css/sac/1.3/sac-1.3.jar:/home/esilva/.m2/repository/commons-io/commons-io/1.4/commons-io-1.4.jar:/home/esilva/.m2/repository/org/eclipse/jetty/jetty-server/7.2.1.v20101111/jetty-server-7.2.1.v20101111.jar:/home/esilva/.m2/repository/org/eclipse/jetty/jetty-continuation/7.2.1.v20101111/jetty-continuation-7.2.1.v20101111.jar:/home/esilva/.m2/repository/org/eclipse/jetty/jetty-http/7.2.1.v20101111/jetty-http-7.2.1.v20101111.jar:/home/esilva/.m2/repository/org/eclipse/jetty/jetty-io/7.2.1.v20101111/jetty-io-7.2.1.v20101111.jar:/home/esilva/.m2/repository/org/eclipse/jetty/jetty-webapp/7.2.1.v20101111/jetty-webapp-7.2.1.v20101111.jar:/home/esilva/.m2/repository/org/eclipse/jetty/jetty-xml/7.2.1.v20101111/jetty-xml-7.2.1.v20101111.jar:/home/esilva/.m2/repository/org/eclipse/jetty/jetty-servlet/7.2.1.v20101111/jetty-servlet-7.2.1.v20101111.jar:/home/esilva/.m2/repository/org/eclipse/jetty/jetty-security/7.2.1.v20101111/jetty-security-7.2.1.v20101111.jar:/home/esilva/.m2/repository/org/eclipse/jetty/jetty-util/7.2.1.v20101111/jetty-util-7.2.1.v20101111.jar:"/>
    <property name="java.specification.name" value="Java Platform API Specification"/>
    <property name="java.class.version" value="50.0"/>
    <property name="sun.management.compiler" value="HotSpot 64-Bit Server Compiler"/>
    <property name="os.version" value="2.6.34.7-66.fc13.x86_64"/>
    <property name="user.home" value="/home/esilva"/>
    <property name="user.timezone" value="Brazil/East"/>
    <property name="java.awt.printerjob" value="sun.print.PSPrinterJob"/>
    <property name="file.encoding" value="UTF-8"/>
    <property name="java.specification.version" value="1.6"/>
    <property name="user.name" value="esilva"/>
    <property name="java.class.path" value="/home/esilva/.m2/repository/org/apache/maven/surefire/surefire-booter/2.6/surefire-booter-2.6.jar:/home/esilva/.m2/repository/org/apache/maven/surefire/surefire-api/2.6/surefire-api-2.6.jar"/>
    <property name="java.vm.specification.version" value="1.0"/>
    <property name="sun.arch.data.model" value="64"/>
    <property name="java.home" value="/opt/java/jdk1.6.0_20/jre"/>
    <property name="java.specification.vendor" value="Sun Microsystems Inc."/>
    <property name="user.language" value="en"/>
    <property name="java.vm.info" value="mixed mode"/>
    <property name="java.version" value="1.6.0_20"/>
    <property name="java.ext.dirs" value="/opt/java/jdk1.6.0_20/jre/lib/ext:/usr/java/packages/lib/ext"/>
    <property name="sun.boot.class.path" value="/opt/java/jdk1.6.0_20/jre/lib/resources.jar:/opt/java/jdk1.6.0_20/jre/lib/rt.jar:/opt/java/jdk1.6.0_20/jre/lib/sunrsasign.jar:/opt/java/jdk1.6.0_20/jre/lib/jsse.jar:/opt/java/jdk1.6.0_20/jre/lib/jce.jar:/opt/java/jdk1.6.0_20/jre/lib/charsets.jar:/opt/java/jdk1.6.0_20/jre/classes"/>
    <property name="java.vendor" value="Sun Microsystems Inc."/>
    <property name="localRepository" value="/home/esilva/.m2/repository"/>
    <property name="file.separator" value="/"/>
    <property name="java.vendor.url.bug" value="http://java.sun.com/cgi-bin/bugreport.cgi"/>
    <property name="sun.cpu.endian" value="little"/>
    <property name="sun.io.unicode.encoding" value="UnicodeLittle"/>
    <property name="sun.desktop" value="gnome"/>
    <property name="sun.cpu.isalist" value=""/>
  </properties>
  <testcase time="0.673" classname="org.jboss.easyscala.AppTest" name="home page"/>
</testsuite>